{"level":30,"time":1678334257778,"pid":5164,"hostname":"michael","msg":"running sql command: "}
{"level":30,"time":1678334257784,"pid":5164,"hostname":"michael","msg":"server is running on port 8080"}
{"level":30,"time":1678334261757,"pid":5164,"hostname":"michael","msg":"peer connected to signal server"}
{"level":30,"time":1678334262243,"pid":5164,"hostname":"michael","msg":"e5W0C5c_enxKgixHAAAB"}
{"level":30,"time":1678334262684,"pid":5164,"hostname":"michael","msg":"running sql command: "}
{"level":30,"time":1678334263094,"pid":5164,"hostname":"michael","msg":"peer connected to signal server"}
{"level":30,"time":1678334263113,"pid":5164,"hostname":"michael","msg":"running sql command: "}
{"level":30,"time":1678340243428,"pid":15675,"hostname":"michael","msg":"running sql command: "}
{"level":30,"time":1678340243433,"pid":15675,"hostname":"michael","msg":"server is running on port 8080"}
{"level":30,"time":1678340293954,"pid":15675,"hostname":"michael","msg":"running sql command: "}
{"level":30,"time":1678340640159,"pid":15675,"hostname":"michael","msg":"peer connected to signal server"}
{"level":30,"time":1678340640191,"pid":15675,"hostname":"michael","msg":"running sql command: "}
{"level":30,"time":1678340652527,"pid":15675,"hostname":"michael","msg":"HiYmoiGmsVEchwj8AAAB"}
{"level":30,"time":1678340652527,"pid":15675,"hostname":"michael","msg":"running sql command: "}
{"level":30,"time":1678340659902,"pid":16893,"hostname":"michael","msg":"running sql command: "}
{"level":30,"time":1678340659907,"pid":16893,"hostname":"michael","msg":"server is running on port 8080"}
{"level":30,"time":1678340666392,"pid":17066,"hostname":"michael","msg":"running sql command: "}
{"level":30,"time":1678340666398,"pid":17066,"hostname":"michael","msg":"server is running on port 8080"}
{"level":30,"time":1678340675043,"pid":17147,"hostname":"michael","msg":"running sql command: "}
{"level":30,"time":1678340675048,"pid":17147,"hostname":"michael","msg":"server is running on port 8080"}
{"level":30,"time":1678340684158,"pid":17147,"hostname":"michael","msg":"running sql command: "}
{"level":30,"time":1678340684943,"pid":17147,"hostname":"michael","msg":"peer connected to signal server"}
{"level":30,"time":1678340684954,"pid":17147,"hostname":"michael","msg":"running sql command: "}
{"level":30,"time":1678340694915,"pid":17147,"hostname":"michael","msg":"ff5vuAZs3jwbU0wYAAAB"}
{"level":30,"time":1678340694915,"pid":17147,"hostname":"michael","msg":"running sql command: "}
{"level":30,"time":1678340695120,"pid":17147,"hostname":"michael","msg":"running sql command: "}
{"level":30,"time":1678340728463,"pid":17943,"hostname":"michael","msg":"running sql command: "}
{"level":30,"time":1678340728468,"pid":17943,"hostname":"michael","msg":"server is running on port 8080"}
{"level":30,"time":1678340746556,"pid":18094,"hostname":"michael","msg":"running sql command: "}
{"level":30,"time":1678340746562,"pid":18094,"hostname":"michael","msg":"server is running on port 8080"}
{"level":30,"time":1678340762993,"pid":18241,"hostname":"michael","msg":"running sql command: "}
{"level":30,"time":1678340762998,"pid":18241,"hostname":"michael","msg":"server is running on port 8080"}
{"level":30,"time":1678340838243,"pid":18410,"hostname":"michael","msg":"running sql command: "}
{"level":30,"time":1678340838248,"pid":18410,"hostname":"michael","msg":"server is running on port 8080"}
{"level":30,"time":1678340879900,"pid":18596,"hostname":"michael","msg":"running sql command: "}
{"level":30,"time":1678340879905,"pid":18596,"hostname":"michael","msg":"server is running on port 8080"}
{"level":30,"time":1678340893449,"pid":18747,"hostname":"michael","msg":"running sql command: "}
{"level":30,"time":1678340893454,"pid":18747,"hostname":"michael","msg":"server is running on port 8080"}
{"level":30,"time":1678340908225,"pid":18747,"hostname":"michael","msg":"running sql command: "}
{"level":30,"time":1678340908227,"pid":18747,"hostname":"michael","msg":"running sql command: "}
{"level":30,"time":1678340908228,"pid":18747,"hostname":"michael","msg":"running sql command: "}
{"level":50,"time":1678340908402,"pid":18747,"hostname":"michael","msg":"Global error handler caught an error! "}
{"level":30,"time":1678340909279,"pid":18747,"hostname":"michael","msg":"running sql command: "}
{"level":30,"time":1678340909283,"pid":18747,"hostname":"michael","msg":"running sql command: "}
{"level":30,"time":1678340909846,"pid":18747,"hostname":"michael","msg":"running sql command: "}
{"level":30,"time":1678340910381,"pid":18747,"hostname":"michael","msg":"running sql command: "}
{"level":30,"time":1678340910758,"pid":18747,"hostname":"michael","msg":"running sql command: "}
{"level":30,"time":1678340911105,"pid":18747,"hostname":"michael","msg":"running sql command: "}
{"level":30,"time":1678340966978,"pid":18747,"hostname":"michael","msg":"running sql command: "}
{"level":30,"time":1678340967405,"pid":18747,"hostname":"michael","msg":"running sql command: "}
{"level":30,"time":1678341020511,"pid":18747,"hostname":"michael","msg":"running sql command: "}
{"level":30,"time":1678341043797,"pid":18747,"hostname":"michael","msg":"running sql command: "}
{"level":30,"time":1678341057629,"pid":18747,"hostname":"michael","msg":"running sql command: "}
{"level":30,"time":1678341103957,"pid":18747,"hostname":"michael","msg":"running sql command: "}
{"level":30,"time":1678341153065,"pid":18747,"hostname":"michael","msg":"running sql command: "}
{"level":30,"time":1678341162386,"pid":18747,"hostname":"michael","msg":"running sql command: "}
{"level":30,"time":1678341168866,"pid":18747,"hostname":"michael","msg":"running sql command: "}
{"level":30,"time":1678341175698,"pid":18747,"hostname":"michael","msg":"running sql command: "}
{"level":30,"time":1678341176256,"pid":18747,"hostname":"michael","msg":"peer connected to signal server"}
{"level":30,"time":1678341176267,"pid":18747,"hostname":"michael","msg":"running sql command: "}
{"level":30,"time":1678341177647,"pid":18747,"hostname":"michael","msg":"running sql command: "}
{"level":30,"time":1678341183125,"pid":18747,"hostname":"michael","msg":"running sql command: "}
{"level":30,"time":1678341183243,"pid":18747,"hostname":"michael","msg":"peer connected to signal server"}
{"level":30,"time":1678341183248,"pid":18747,"hostname":"michael","msg":"running sql command: "}
{"level":30,"time":1678341183285,"pid":18747,"hostname":"michael","msg":"offer forwarded"}
{"level":30,"time":1678341183296,"pid":18747,"hostname":"michael","msg":"answer"}
{"level":30,"time":1678341185319,"pid":18747,"hostname":"michael","msg":"running sql command: "}
{"level":30,"time":1678341194840,"pid":18747,"hostname":"michael","msg":"running sql command: "}
{"level":30,"time":1678341194912,"pid":18747,"hostname":"michael","msg":"peer connected to signal server"}
{"level":30,"time":1678341194916,"pid":18747,"hostname":"michael","msg":"running sql command: "}
{"level":30,"time":1678341197894,"pid":18747,"hostname":"michael","msg":"running sql command: "}
{"level":30,"time":1678341238958,"pid":18747,"hostname":"michael","msg":"6McDbazesmGliWROAAAD"}
{"level":30,"time":1678341238958,"pid":18747,"hostname":"michael","msg":"running sql command: "}
{"level":30,"time":1678341238966,"pid":18747,"hostname":"michael","msg":"qO1ZSyqvsJkp0_YcAAAB"}
{"level":30,"time":1678341238966,"pid":18747,"hostname":"michael","msg":"running sql command: "}
{"level":30,"time":1678341238970,"pid":18747,"hostname":"michael","msg":"IPJC23OFARSoFAS6AAAF"}
{"level":30,"time":1678341238970,"pid":18747,"hostname":"michael","msg":"running sql command: "}
{"level":30,"time":1678341239516,"pid":18747,"hostname":"michael","msg":"running sql command: "}
{"level":30,"time":1678341239574,"pid":18747,"hostname":"michael","msg":"running sql command: "}
{"level":30,"time":1678341239600,"pid":18747,"hostname":"michael","msg":"running sql command: "}
{"level":30,"time":1678341239633,"pid":18747,"hostname":"michael","msg":"running sql command: "}
{"level":30,"time":1678341239990,"pid":18747,"hostname":"michael","msg":"peer connected to signal server"}
{"level":30,"time":1678341239991,"pid":18747,"hostname":"michael","msg":"peer connected to signal server"}
{"level":30,"time":1678341239991,"pid":18747,"hostname":"michael","msg":"peer connected to signal server"}
{"level":30,"time":1678341240003,"pid":18747,"hostname":"michael","msg":"running sql command: "}
{"level":30,"time":1678341240015,"pid":18747,"hostname":"michael","msg":"running sql command: "}
{"level":30,"time":1678341240017,"pid":18747,"hostname":"michael","msg":"running sql command: "}
{"level":30,"time":1678341240037,"pid":18747,"hostname":"michael","msg":"offer forwarded"}
{"level":30,"time":1678341240048,"pid":18747,"hostname":"michael","msg":"answer"}
{"level":30,"time":1678341245980,"pid":18747,"hostname":"michael","msg":"tDAj6ox452U9gKcbAAAL"}
{"level":30,"time":1678341245980,"pid":18747,"hostname":"michael","msg":"running sql command: "}
{"level":30,"time":1678341245988,"pid":18747,"hostname":"michael","msg":"wcZEJnTHL1JE0NPCAAAJ"}
{"level":30,"time":1678341245992,"pid":18747,"hostname":"michael","msg":"running sql command: "}
{"level":30,"time":1678341245992,"pid":18747,"hostname":"michael","msg":"65Wd0-r4QO-oXlkkAAAK"}
{"level":30,"time":1678341245992,"pid":18747,"hostname":"michael","msg":"running sql command: "}
{"level":30,"time":1678341246574,"pid":18747,"hostname":"michael","msg":"running sql command: "}
{"level":30,"time":1678341246581,"pid":18747,"hostname":"michael","msg":"running sql command: "}
{"level":30,"time":1678341246615,"pid":18747,"hostname":"michael","msg":"running sql command: "}
{"level":30,"time":1678341246641,"pid":18747,"hostname":"michael","msg":"running sql command: "}
{"level":30,"time":1678341247029,"pid":18747,"hostname":"michael","msg":"peer connected to signal server"}
{"level":30,"time":1678341247031,"pid":18747,"hostname":"michael","msg":"peer connected to signal server"}
{"level":30,"time":1678341247037,"pid":18747,"hostname":"michael","msg":"peer connected to signal server"}
{"level":30,"time":1678341247040,"pid":18747,"hostname":"michael","msg":"running sql command: "}
{"level":30,"time":1678341247044,"pid":18747,"hostname":"michael","msg":"running sql command: "}
{"level":30,"time":1678341247056,"pid":18747,"hostname":"michael","msg":"running sql command: "}
{"level":30,"time":1678341247162,"pid":18747,"hostname":"michael","msg":"offer forwarded"}
{"level":30,"time":1678341247170,"pid":18747,"hostname":"michael","msg":"answer"}
{"level":30,"time":1678341258758,"pid":18747,"hostname":"michael","msg":"3ltwYa8XysfMXCv8AAAP"}
{"level":30,"time":1678341258758,"pid":18747,"hostname":"michael","msg":"running sql command: "}
{"level":30,"time":1678341258766,"pid":18747,"hostname":"michael","msg":"QlcICU5fw9AzNGdgAAAR"}
{"level":30,"time":1678341258766,"pid":18747,"hostname":"michael","msg":"running sql command: "}
{"level":30,"time":1678341258779,"pid":18747,"hostname":"michael","msg":"pX3qPGyXmIlNcdIVAAAQ"}
{"level":30,"time":1678341258780,"pid":18747,"hostname":"michael","msg":"running sql command: "}
{"level":30,"time":1678341259296,"pid":18747,"hostname":"michael","msg":"running sql command: "}
{"level":30,"time":1678341259355,"pid":18747,"hostname":"michael","msg":"running sql command: "}
{"level":30,"time":1678341259384,"pid":18747,"hostname":"michael","msg":"running sql command: "}
{"level":30,"time":1678341259414,"pid":18747,"hostname":"michael","msg":"running sql command: "}
{"level":30,"time":1678341259785,"pid":18747,"hostname":"michael","msg":"peer connected to signal server"}
{"level":30,"time":1678341259785,"pid":18747,"hostname":"michael","msg":"peer connected to signal server"}
{"level":30,"time":1678341259792,"pid":18747,"hostname":"michael","msg":"peer connected to signal server"}
{"level":30,"time":1678341259800,"pid":18747,"hostname":"michael","msg":"running sql command: "}
{"level":30,"time":1678341259806,"pid":18747,"hostname":"michael","msg":"running sql command: "}
{"level":30,"time":1678341259806,"pid":18747,"hostname":"michael","msg":"running sql command: "}
{"level":30,"time":1678341259918,"pid":18747,"hostname":"michael","msg":"offer forwarded"}
{"level":30,"time":1678341259927,"pid":18747,"hostname":"michael","msg":"answer"}
{"level":30,"time":1678341277290,"pid":21762,"hostname":"michael","msg":"running sql command: "}
{"level":30,"time":1678341277296,"pid":21762,"hostname":"michael","msg":"server is running on port 8080"}
{"level":30,"time":1678341279500,"pid":21762,"hostname":"michael","msg":"peer connected to signal server"}
{"level":30,"time":1678341280500,"pid":21762,"hostname":"michael","msg":"peer connected to signal server"}
{"level":30,"time":1678341280508,"pid":21762,"hostname":"michael","msg":"peer connected to signal server"}
{"level":30,"time":1678341281648,"pid":21762,"hostname":"michael","msg":"l8AAIDK4lGcddHmVAAAE"}
{"level":30,"time":1678341281655,"pid":21762,"hostname":"michael","msg":"vW_w-LxWUhGRX8i5AAAB"}
{"level":30,"time":1678341281657,"pid":21762,"hostname":"michael","msg":"pLjCUrzSTFk8Y-2eAAAF"}
{"level":30,"time":1678341282272,"pid":21762,"hostname":"michael","msg":"running sql command: "}
{"level":30,"time":1678341282298,"pid":21762,"hostname":"michael","msg":"running sql command: "}
{"level":30,"time":1678341282532,"pid":21762,"hostname":"michael","msg":"running sql command: "}
{"level":30,"time":1678341282577,"pid":21762,"hostname":"michael","msg":"running sql command: "}
{"level":30,"time":1678341282715,"pid":21762,"hostname":"michael","msg":"peer connected to signal server"}
{"level":30,"time":1678341282715,"pid":21762,"hostname":"michael","msg":"peer connected to signal server"}
{"level":30,"time":1678341282721,"pid":21762,"hostname":"michael","msg":"peer connected to signal server"}
{"level":30,"time":1678341282735,"pid":21762,"hostname":"michael","msg":"running sql command: "}
{"level":30,"time":1678341282738,"pid":21762,"hostname":"michael","msg":"running sql command: "}
{"level":30,"time":1678341282740,"pid":21762,"hostname":"michael","msg":"running sql command: "}
{"level":30,"time":1678341282755,"pid":21762,"hostname":"michael","msg":"offer forwarded"}
{"level":30,"time":1678341282766,"pid":21762,"hostname":"michael","msg":"answer"}
{"level":30,"time":1678341304431,"pid":22068,"hostname":"michael","msg":"running sql command: "}
{"level":30,"time":1678341304436,"pid":22068,"hostname":"michael","msg":"server is running on port 8080"}
{"level":30,"time":1678341304497,"pid":22068,"hostname":"michael","msg":"peer connected to signal server"}
{"level":30,"time":1678341305487,"pid":22068,"hostname":"michael","msg":"peer connected to signal server"}
{"level":30,"time":1678341306505,"pid":22068,"hostname":"michael","msg":"peer connected to signal server"}
{"level":30,"time":1678341317530,"pid":22216,"hostname":"michael","msg":"running sql command: "}
{"level":30,"time":1678341317536,"pid":22216,"hostname":"michael","msg":"server is running on port 8080"}
{"level":30,"time":1678341318524,"pid":22216,"hostname":"michael","msg":"peer connected to signal server"}
{"level":30,"time":1678341320498,"pid":22216,"hostname":"michael","msg":"peer connected to signal server"}
{"level":30,"time":1678341320499,"pid":22216,"hostname":"michael","msg":"peer connected to signal server"}
{"level":30,"time":1678341324375,"pid":22332,"hostname":"michael","msg":"running sql command: "}
{"level":30,"time":1678341324381,"pid":22332,"hostname":"michael","msg":"server is running on port 8080"}
{"level":30,"time":1678341325528,"pid":22332,"hostname":"michael","msg":"peer connected to signal server"}
{"level":30,"time":1678341325537,"pid":22332,"hostname":"michael","msg":"peer connected to signal server"}
{"level":30,"time":1678341326492,"pid":22332,"hostname":"michael","msg":"peer connected to signal server"}
{"level":30,"time":1678341343560,"pid":22476,"hostname":"michael","msg":"running sql command: "}
{"level":30,"time":1678341343566,"pid":22476,"hostname":"michael","msg":"server is running on port 8080"}
{"level":30,"time":1678341344498,"pid":22476,"hostname":"michael","msg":"peer connected to signal server"}
{"level":30,"time":1678341346522,"pid":22476,"hostname":"michael","msg":"peer connected to signal server"}
{"level":30,"time":1678341346529,"pid":22476,"hostname":"michael","msg":"peer connected to signal server"}
{"level":30,"time":1678341353601,"pid":22672,"hostname":"michael","msg":"running sql command: "}
{"level":30,"time":1678341353607,"pid":22672,"hostname":"michael","msg":"server is running on port 8080"}
{"level":30,"time":1678341354535,"pid":22672,"hostname":"michael","msg":"peer connected to signal server"}
{"level":30,"time":1678341355512,"pid":22672,"hostname":"michael","msg":"peer connected to signal server"}
{"level":30,"time":1678341355514,"pid":22672,"hostname":"michael","msg":"peer connected to signal server"}
{"level":30,"time":1678341369313,"pid":22819,"hostname":"michael","msg":"running sql command: "}
{"level":30,"time":1678341369319,"pid":22819,"hostname":"michael","msg":"server is running on port 8080"}
{"level":30,"time":1678341369521,"pid":22819,"hostname":"michael","msg":"peer connected to signal server"}
{"level":30,"time":1678341370496,"pid":22819,"hostname":"michael","msg":"peer connected to signal server"}
{"level":30,"time":1678341370498,"pid":22819,"hostname":"michael","msg":"peer connected to signal server"}
{"level":30,"time":1678341373015,"pid":22902,"hostname":"michael","msg":"running sql command: "}
{"level":30,"time":1678341373020,"pid":22902,"hostname":"michael","msg":"server is running on port 8080"}
{"level":30,"time":1678341374536,"pid":22902,"hostname":"michael","msg":"peer connected to signal server"}
{"level":30,"time":1678341374541,"pid":22902,"hostname":"michael","msg":"peer connected to signal server"}
{"level":30,"time":1678341374542,"pid":22902,"hostname":"michael","msg":"peer connected to signal server"}
{"level":30,"time":1678341382128,"pid":22988,"hostname":"michael","msg":"running sql command: "}
{"level":30,"time":1678341382134,"pid":22988,"hostname":"michael","msg":"server is running on port 8080"}
{"level":30,"time":1678341383527,"pid":22988,"hostname":"michael","msg":"peer connected to signal server"}
{"level":30,"time":1678341384510,"pid":22988,"hostname":"michael","msg":"peer connected to signal server"}
{"level":30,"time":1678341384526,"pid":22988,"hostname":"michael","msg":"peer connected to signal server"}
{"level":30,"time":1678341386832,"pid":22988,"hostname":"michael","msg":"running sql command: "}
{"level":30,"time":1678341386837,"pid":22988,"hostname":"michael","msg":"running sql command: "}
{"level":30,"time":1678341386848,"pid":22988,"hostname":"michael","msg":"running sql command: "}
{"level":50,"time":1678341386995,"pid":22988,"hostname":"michael","msg":"Global error handler caught an error! "}
{"level":30,"time":1678341387590,"pid":22988,"hostname":"michael","msg":"running sql command: "}
{"level":30,"time":1678341387632,"pid":22988,"hostname":"michael","msg":"running sql command: "}
{"level":30,"time":1678341388210,"pid":22988,"hostname":"michael","msg":"running sql command: "}
{"level":30,"time":1678341388753,"pid":22988,"hostname":"michael","msg":"running sql command: "}
{"level":30,"time":1678341389122,"pid":22988,"hostname":"michael","msg":"running sql command: "}
{"level":30,"time":1678341446519,"pid":24196,"hostname":"michael","msg":"running sql command: "}
{"level":30,"time":1678341446524,"pid":24196,"hostname":"michael","msg":"server is running on port 8080"}
{"level":30,"time":1678341448526,"pid":24196,"hostname":"michael","msg":"peer connected to signal server"}
{"level":30,"time":1678341448528,"pid":24196,"hostname":"michael","msg":"peer connected to signal server"}
{"level":30,"time":1678341449503,"pid":24196,"hostname":"michael","msg":"peer connected to signal server"}
{"level":30,"time":1678341464741,"pid":24358,"hostname":"michael","msg":"running sql command: "}
{"level":30,"time":1678341464747,"pid":24358,"hostname":"michael","msg":"server is running on port 8080"}
{"level":30,"time":1678341466159,"pid":24358,"hostname":"michael","msg":"running sql command: "}
{"level":30,"time":1678341466177,"pid":24358,"hostname":"michael","msg":"running sql command: "}
{"level":30,"time":1678341466194,"pid":24358,"hostname":"michael","msg":"running sql command: "}
{"level":50,"time":1678341466326,"pid":24358,"hostname":"michael","msg":"Global error handler caught an error! "}
{"level":30,"time":1678341466492,"pid":24358,"hostname":"michael","msg":"peer connected to signal server"}
{"level":30,"time":1678341466871,"pid":24358,"hostname":"michael","msg":"running sql command: "}
{"level":30,"time":1678341466916,"pid":24358,"hostname":"michael","msg":"running sql command: "}
{"level":30,"time":1678341467448,"pid":24358,"hostname":"michael","msg":"running sql command: "}
{"level":30,"time":1678341467498,"pid":24358,"hostname":"michael","msg":"peer connected to signal server"}
{"level":30,"time":1678341467507,"pid":24358,"hostname":"michael","msg":"peer connected to signal server"}
{"level":30,"time":1678341468010,"pid":24358,"hostname":"michael","msg":"running sql command: "}
{"level":30,"time":1678341468386,"pid":24358,"hostname":"michael","msg":"running sql command: "}
{"level":30,"time":1678341468450,"pid":24358,"hostname":"michael","msg":"running sql command: "}
{"level":30,"time":1678341480444,"pid":24358,"hostname":"michael","msg":"UqCsZqWnxOgWtmEbAAAE"}
{"level":30,"time":1678341480812,"pid":24358,"hostname":"michael","msg":"JW4JI3yjKR0B5GWFAAAF"}
{"level":30,"time":1678341481035,"pid":24358,"hostname":"michael","msg":"POTH4DUlqxOKGk4BAAAB"}
{"level":30,"time":1678341488140,"pid":25572,"hostname":"michael","msg":"running sql command: "}
{"level":30,"time":1678341488146,"pid":25572,"hostname":"michael","msg":"server is running on port 8080"}
{"level":30,"time":1678341492803,"pid":25572,"hostname":"michael","msg":"running sql command: "}
{"level":30,"time":1678341492825,"pid":25572,"hostname":"michael","msg":"running sql command: "}
{"level":30,"time":1678341492829,"pid":25572,"hostname":"michael","msg":"running sql command: "}
{"level":50,"time":1678341492834,"pid":25572,"hostname":"michael","msg":"Global error handler caught an error! "}
{"level":30,"time":1678341493529,"pid":25572,"hostname":"michael","msg":"running sql command: "}
{"level":30,"time":1678341493538,"pid":25572,"hostname":"michael","msg":"running sql command: "}
{"level":30,"time":1678341494075,"pid":25572,"hostname":"michael","msg":"running sql command: "}
{"level":30,"time":1678341494621,"pid":25572,"hostname":"michael","msg":"running sql command: "}
{"level":30,"time":1678341494985,"pid":25572,"hostname":"michael","msg":"running sql command: "}
{"level":30,"time":1678341495039,"pid":25572,"hostname":"michael","msg":"running sql command: "}
{"level":30,"time":1678341526422,"pid":27136,"hostname":"michael","msg":"running sql command: "}
{"level":30,"time":1678341526428,"pid":27136,"hostname":"michael","msg":"server is running on port 8080"}
{"level":30,"time":1678341542194,"pid":27136,"hostname":"michael","msg":"running sql command: "}
{"level":30,"time":1678341542195,"pid":27136,"hostname":"michael","msg":"running sql command: "}
{"level":30,"time":1678341542210,"pid":27136,"hostname":"michael","msg":"running sql command: "}
{"level":50,"time":1678341542356,"pid":27136,"hostname":"michael","msg":"Global error handler caught an error! "}
{"level":30,"time":1678341543261,"pid":27136,"hostname":"michael","msg":"running sql command: "}
{"level":30,"time":1678341543271,"pid":27136,"hostname":"michael","msg":"running sql command: "}
{"level":30,"time":1678341543885,"pid":27136,"hostname":"michael","msg":"running sql command: "}
{"level":30,"time":1678341544388,"pid":27136,"hostname":"michael","msg":"running sql command: "}
{"level":30,"time":1678341560270,"pid":28623,"hostname":"michael","msg":"running sql command: "}
{"level":30,"time":1678341560275,"pid":28623,"hostname":"michael","msg":"server is running on port 8080"}
{"level":30,"time":1678341568551,"pid":28882,"hostname":"michael","msg":"running sql command: "}
{"level":30,"time":1678341568557,"pid":28882,"hostname":"michael","msg":"server is running on port 8080"}
{"level":30,"time":1678341572988,"pid":28882,"hostname":"michael","msg":"running sql command: "}
{"level":30,"time":1678341572991,"pid":28882,"hostname":"michael","msg":"running sql command: "}
{"level":30,"time":1678341572992,"pid":28882,"hostname":"michael","msg":"running sql command: "}
{"level":50,"time":1678341573118,"pid":28882,"hostname":"michael","msg":"Global error handler caught an error! "}
{"level":30,"time":1678341573693,"pid":28882,"hostname":"michael","msg":"running sql command: "}
{"level":30,"time":1678341573707,"pid":28882,"hostname":"michael","msg":"running sql command: "}
{"level":30,"time":1678341574243,"pid":28882,"hostname":"michael","msg":"running sql command: "}
{"level":30,"time":1678341574797,"pid":28882,"hostname":"michael","msg":"running sql command: "}
{"level":30,"time":1678341575163,"pid":28882,"hostname":"michael","msg":"running sql command: "}
{"level":30,"time":1678341575217,"pid":28882,"hostname":"michael","msg":"running sql command: "}
{"level":30,"time":1678341607973,"pid":30357,"hostname":"michael","msg":"running sql command: "}
{"level":30,"time":1678341607978,"pid":30357,"hostname":"michael","msg":"server is running on port 8080"}
{"level":30,"time":1678341609178,"pid":30357,"hostname":"michael","msg":"running sql command: "}
{"level":30,"time":1678341609213,"pid":30357,"hostname":"michael","msg":"running sql command: "}
{"level":30,"time":1678341609216,"pid":30357,"hostname":"michael","msg":"running sql command: "}
{"level":50,"time":1678341609336,"pid":30357,"hostname":"michael","msg":"Global error handler caught an error! "}
{"level":30,"time":1678341609844,"pid":30357,"hostname":"michael","msg":"running sql command: "}
{"level":30,"time":1678341609942,"pid":30357,"hostname":"michael","msg":"running sql command: "}
{"level":30,"time":1678341610391,"pid":30357,"hostname":"michael","msg":"running sql command: "}
{"level":30,"time":1678341611011,"pid":30357,"hostname":"michael","msg":"running sql command: "}
{"level":30,"time":1678341611368,"pid":30357,"hostname":"michael","msg":"running sql command: "}
{"level":30,"time":1678341611421,"pid":30357,"hostname":"michael","msg":"running sql command: "}
{"level":30,"time":1678341636121,"pid":31669,"hostname":"michael","msg":"running sql command: "}
{"level":30,"time":1678341636127,"pid":31669,"hostname":"michael","msg":"server is running on port 8080"}
{"level":30,"time":1678341637635,"pid":31669,"hostname":"michael","msg":"running sql command: "}
{"level":30,"time":1678341637639,"pid":31669,"hostname":"michael","msg":"running sql command: "}
{"level":50,"time":1678341637678,"pid":31669,"hostname":"michael","msg":"Global error handler caught an error! "}
{"level":30,"time":1678341637690,"pid":31669,"hostname":"michael","msg":"running sql command: "}
{"level":30,"time":1678341638351,"pid":31669,"hostname":"michael","msg":"running sql command: "}
{"level":30,"time":1678341638366,"pid":31669,"hostname":"michael","msg":"running sql command: "}
{"level":30,"time":1678341638947,"pid":31669,"hostname":"michael","msg":"running sql command: "}
{"level":30,"time":1678341639388,"pid":31669,"hostname":"michael","msg":"running sql command: "}
{"level":30,"time":1678341639713,"pid":31669,"hostname":"michael","msg":"running sql command: "}
{"level":30,"time":1678341662940,"pid":31669,"hostname":"michael","msg":"running sql command: "}
{"level":30,"time":1678341663518,"pid":31669,"hostname":"michael","msg":"peer connected to signal server"}
{"level":30,"time":1678341663525,"pid":31669,"hostname":"michael","msg":"running sql command: "}
{"level":30,"time":1678341666832,"pid":31669,"hostname":"michael","msg":"running sql command: "}
{"level":30,"time":1678341725530,"pid":669,"hostname":"michael","msg":"running sql command: "}
{"level":30,"time":1678341725536,"pid":669,"hostname":"michael","msg":"server is running on port 8080"}
{"level":30,"time":1678341728415,"pid":669,"hostname":"michael","msg":"running sql command: "}
{"level":30,"time":1678341728421,"pid":669,"hostname":"michael","msg":"running sql command: "}
{"level":30,"time":1678341728439,"pid":669,"hostname":"michael","msg":"running sql command: "}
{"level":50,"time":1678341728447,"pid":669,"hostname":"michael","msg":"Global error handler caught an error! "}
{"level":30,"time":1678341729188,"pid":669,"hostname":"michael","msg":"running sql command: "}
{"level":30,"time":1678341729194,"pid":669,"hostname":"michael","msg":"running sql command: "}
{"level":30,"time":1678341729748,"pid":669,"hostname":"michael","msg":"running sql command: "}
{"level":30,"time":1678341730296,"pid":669,"hostname":"michael","msg":"running sql command: "}
{"level":30,"time":1678341730625,"pid":669,"hostname":"michael","msg":"running sql command: "}
{"level":30,"time":1678341813956,"pid":2160,"hostname":"michael","msg":"running sql command: "}
{"level":30,"time":1678341813961,"pid":2160,"hostname":"michael","msg":"server is running on port 8080"}
{"level":30,"time":1678341819146,"pid":2160,"hostname":"michael","msg":"running sql command: "}
{"level":30,"time":1678341819156,"pid":2160,"hostname":"michael","msg":"running sql command: "}
{"level":30,"time":1678341819157,"pid":2160,"hostname":"michael","msg":"running sql command: "}
{"level":50,"time":1678341819181,"pid":2160,"hostname":"michael","msg":"Global error handler caught an error! "}
{"level":30,"time":1678341819849,"pid":2160,"hostname":"michael","msg":"running sql command: "}
{"level":30,"time":1678341819882,"pid":2160,"hostname":"michael","msg":"running sql command: "}
{"level":30,"time":1678341820458,"pid":2160,"hostname":"michael","msg":"running sql command: "}
{"level":30,"time":1678341820977,"pid":2160,"hostname":"michael","msg":"running sql command: "}
{"level":30,"time":1678341933187,"pid":3971,"hostname":"michael","msg":"running sql command: "}
{"level":30,"time":1678341933193,"pid":3971,"hostname":"michael","msg":"server is running on port 8080"}
{"level":30,"time":1678341946721,"pid":4113,"hostname":"michael","msg":"running sql command: "}
{"level":30,"time":1678341946726,"pid":4113,"hostname":"michael","msg":"server is running on port 8080"}
{"level":30,"time":1678367689468,"pid":22117,"hostname":"michael","msg":"running sql command: "}
{"level":30,"time":1678367689474,"pid":22117,"hostname":"michael","msg":"server is running on port 8080"}
